# ELBREAD: Elaboration process.
# ELBREAD: Elaboration time 0.0 [s].
asim -O5 +access +r +m+Test_CPU Test_CPU Test_CPU
# ELBREAD: Elaboration process.
# ELBREAD: Elaboration time 0.0 [s].
# VSIM: Stack memory: 32MB
# VSIM: Retval memory: 32MB
# KERNEL: Main thread initiated.
# KERNEL: Kernel process initialization phase.
# ELAB2: Elaboration final pass...
# ELAB2: Create instances ...
# KERNEL: Time resolution set to 1ps.
# ELAB2: Create instances complete.
# SLP: Started
# SLP: Elaboration phase ...
# SLP: Elaboration phase ... skipped, nothing to simulate in SLP mode : 0.0 [s]
# SLP: Finished : 0.0 [s]
# ELAB2: Elaboration final pass complete - time: 0.0 [s].
# KERNEL: Kernel process initialization done.
# Allocation: Simulator allocated 6781 kB (elbread=427 elab2=6209 kernel=144 sdf=0)
# KERNEL: ASDB file was created in location C:\Users\PARSA\Desktop\elmos\Subjects\CA\Project\CAP23\CAP23_CPU\src\wave.asdb
#  9:48 PM, Monday, July 10, 2023
#  Simulation has been initialized
run 100 ns
# KERNEL: WARNING: NUMERIC_STD.TO_INTEGER: metavalue detected, returning 0
# KERNEL: Time: 0 ps,  Iteration: 0,  Instance: /Test_CPU/U1/U2,  Process: line__118.
# KERNEL: WARNING: NUMERIC_STD.TO_INTEGER: metavalue detected, returning 0
# KERNEL: Time: 0 ps,  Iteration: 0,  Instance: /Test_CPU/U1/U2,  Process: line__118.
# KERNEL: WARNING: NUMERIC_STD.TO_INTEGER: metavalue detected, returning 0
# KERNEL: Time: 0 ps,  Iteration: 0,  Instance: /Test_CPU/U1/U2,  Process: line__119.
# KERNEL: WARNING: NUMERIC_STD.TO_INTEGER: metavalue detected, returning 0
# KERNEL: Time: 0 ps,  Iteration: 0,  Instance: /Test_CPU/U1/U2,  Process: line__119.
# KERNEL: WARNING: NUMERIC_STD.TO_INTEGER: metavalue detected, returning 0
# KERNEL: Time: 0 ps,  Iteration: 0,  Instance: /Test_CPU/U1/U2,  Process: line__120.
# KERNEL: WARNING: NUMERIC_STD.TO_INTEGER: metavalue detected, returning 0
# KERNEL: Time: 0 ps,  Iteration: 0,  Instance: /Test_CPU/U1/U2,  Process: line__120.
# KERNEL: WARNING: NUMERIC_STD.TO_INTEGER: metavalue detected, returning 0
# KERNEL: Time: 0 ps,  Iteration: 1,  Instance: /Test_CPU/U1/U2,  Process: line__118.
# KERNEL: WARNING: NUMERIC_STD.TO_INTEGER: metavalue detected, returning 0
# KERNEL: Time: 0 ps,  Iteration: 1,  Instance: /Test_CPU/U1/U2,  Process: line__118.
# KERNEL: stopped at time: 100 ns
run 100 ns
# KERNEL: WARNING: NUMERIC_STD.TO_INTEGER: metavalue detected, returning 0
# KERNEL: Time: 200 ns,  Iteration: 1,  Instance: /Test_CPU/U1/U20,  Process: line__64.
# KERNEL: WARNING: NUMERIC_STD.TO_INTEGER: metavalue detected, returning 0
# KERNEL: Time: 200 ns,  Iteration: 1,  Instance: /Test_CPU/U1/U20,  Process: line__64.
# EXECUTION:: NOTE   : Data Writen
# EXECUTION:: Time: 200 ns,  Iteration: 1,  Instance: /Test_CPU/U1/U20,  Process: line__64.
# KERNEL: WARNING: NUMERIC_STD.TO_INTEGER: metavalue detected, returning 0
# KERNEL: Time: 200 ns,  Iteration: 1,  Instance: /Test_CPU/U1/U20,  Process: line__64.
# EXECUTION:: NOTE   : 0
# EXECUTION:: Time: 200 ns,  Iteration: 1,  Instance: /Test_CPU/U1/U20,  Process: line__64.
# KERNEL: WARNING: NUMERIC_STD.TO_INTEGER: metavalue detected, returning 0
# KERNEL: Time: 200 ns,  Iteration: 1,  Instance: /Test_CPU/U1/U20,  Process: line__64.
# EXECUTION:: NOTE   : 0
# EXECUTION:: Time: 200 ns,  Iteration: 1,  Instance: /Test_CPU/U1/U20,  Process: line__64.
# KERNEL: stopped at time: 200 ns
run 100 ns
# KERNEL: stopped at time: 300 ns
run 100 ns
# EXECUTION:: NOTE   : Data Writen
# EXECUTION:: Time: 400 ns,  Iteration: 1,  Instance: /Test_CPU/U1/U20,  Process: line__64.
# EXECUTION:: NOTE   : 0
# EXECUTION:: Time: 400 ns,  Iteration: 1,  Instance: /Test_CPU/U1/U20,  Process: line__64.
# EXECUTION:: NOTE   : 49468
# EXECUTION:: Time: 400 ns,  Iteration: 1,  Instance: /Test_CPU/U1/U20,  Process: line__64.
# KERNEL: stopped at time: 400 ns
run 100 ns
# KERNEL: WARNING: NUMERIC_STD.TO_INTEGER: metavalue detected, returning 0
# KERNEL: Time: 500 ns,  Iteration: 2,  Instance: /Test_CPU/U1/U2,  Process: line__118.
# KERNEL: WARNING: NUMERIC_STD.TO_INTEGER: metavalue detected, returning 0
# KERNEL: Time: 500 ns,  Iteration: 2,  Instance: /Test_CPU/U1/U2,  Process: line__118.
# KERNEL: stopped at time: 500 ns
run 100 ns
# EXECUTION:: NOTE   : Data Writen
# EXECUTION:: Time: 600 ns,  Iteration: 1,  Instance: /Test_CPU/U1/U20,  Process: line__64.
# EXECUTION:: NOTE   : 2
# EXECUTION:: Time: 600 ns,  Iteration: 1,  Instance: /Test_CPU/U1/U20,  Process: line__64.
# EXECUTION:: NOTE   : 49724
# EXECUTION:: Time: 600 ns,  Iteration: 1,  Instance: /Test_CPU/U1/U20,  Process: line__64.
# KERNEL: stopped at time: 600 ns
run 100 ns
# KERNEL: stopped at time: 700 ns
run 100 ns
# EXECUTION:: NOTE   : Data Writen
# EXECUTION:: Time: 800 ns,  Iteration: 1,  Instance: /Test_CPU/U1/U20,  Process: line__64.
# EXECUTION:: NOTE   : 4
# EXECUTION:: Time: 800 ns,  Iteration: 1,  Instance: /Test_CPU/U1/U20,  Process: line__64.
# EXECUTION:: NOTE   : 53776
# EXECUTION:: Time: 800 ns,  Iteration: 1,  Instance: /Test_CPU/U1/U20,  Process: line__64.
# KERNEL: stopped at time: 800 ns
run 100 ns
# KERNEL: stopped at time: 900 ns
run 100 ns
# EXECUTION:: NOTE   : Data Writen
# EXECUTION:: Time: 1 us,  Iteration: 1,  Instance: /Test_CPU/U1/U20,  Process: line__64.
# EXECUTION:: NOTE   : 6
# EXECUTION:: Time: 1 us,  Iteration: 1,  Instance: /Test_CPU/U1/U20,  Process: line__64.
# EXECUTION:: NOTE   : 57346
# EXECUTION:: Time: 1 us,  Iteration: 1,  Instance: /Test_CPU/U1/U20,  Process: line__64.
# KERNEL: stopped at time: 1 us
run 100 ns
# KERNEL: stopped at time: 1100 ns
run 100 ns
# EXECUTION:: NOTE   : Data Writen
# EXECUTION:: Time: 1200 ns,  Iteration: 1,  Instance: /Test_CPU/U1/U20,  Process: line__64.
# EXECUTION:: NOTE   : 8
# EXECUTION:: Time: 1200 ns,  Iteration: 1,  Instance: /Test_CPU/U1/U20,  Process: line__64.
# EXECUTION:: NOTE   : 13051
# EXECUTION:: Time: 1200 ns,  Iteration: 1,  Instance: /Test_CPU/U1/U20,  Process: line__64.
# KERNEL: stopped at time: 1200 ns
run 100 ns
# KERNEL: stopped at time: 1300 ns
run 100 ns
# EXECUTION:: NOTE   : Data Writen
# EXECUTION:: Time: 1400 ns,  Iteration: 1,  Instance: /Test_CPU/U1/U20,  Process: line__64.
# EXECUTION:: NOTE   : 10
# EXECUTION:: Time: 1400 ns,  Iteration: 1,  Instance: /Test_CPU/U1/U20,  Process: line__64.
# EXECUTION:: NOTE   : 61444
# EXECUTION:: Time: 1400 ns,  Iteration: 1,  Instance: /Test_CPU/U1/U20,  Process: line__64.
# KERNEL: stopped at time: 1400 ns
run 100 ns
# KERNEL: stopped at time: 1500 ns
run 100 ns
# EXECUTION:: NOTE   : Data Writen
# EXECUTION:: Time: 1600 ns,  Iteration: 1,  Instance: /Test_CPU/U1/U20,  Process: line__64.
# EXECUTION:: NOTE   : 12
# EXECUTION:: Time: 1600 ns,  Iteration: 1,  Instance: /Test_CPU/U1/U20,  Process: line__64.
# EXECUTION:: NOTE   : 49960
# EXECUTION:: Time: 1600 ns,  Iteration: 1,  Instance: /Test_CPU/U1/U20,  Process: line__64.
# KERNEL: stopped at time: 1600 ns
run 100 ns
# KERNEL: stopped at time: 1700 ns
run 100 ns
# EXECUTION:: NOTE   : Data Writen
# EXECUTION:: Time: 1800 ns,  Iteration: 1,  Instance: /Test_CPU/U1/U20,  Process: line__64.
# EXECUTION:: NOTE   : 14
# EXECUTION:: Time: 1800 ns,  Iteration: 1,  Instance: /Test_CPU/U1/U20,  Process: line__64.
# EXECUTION:: NOTE   : 560
# EXECUTION:: Time: 1800 ns,  Iteration: 1,  Instance: /Test_CPU/U1/U20,  Process: line__64.
# KERNEL: stopped at time: 1800 ns
run 100 ns
# KERNEL: stopped at time: 1900 ns
run 100 ns
# EXECUTION:: NOTE   : Data Writen
# EXECUTION:: Time: 2 us,  Iteration: 1,  Instance: /Test_CPU/U1/U20,  Process: line__64.
# EXECUTION:: NOTE   : 16
# EXECUTION:: Time: 2 us,  Iteration: 1,  Instance: /Test_CPU/U1/U20,  Process: line__64.
# EXECUTION:: NOTE   : 37384
# EXECUTION:: Time: 2 us,  Iteration: 1,  Instance: /Test_CPU/U1/U20,  Process: line__64.
# KERNEL: stopped at time: 2 us
run 100 ns
# KERNEL: stopped at time: 2100 ns
run 100 ns
# EXECUTION:: NOTE   : Data Writen
# EXECUTION:: Time: 2200 ns,  Iteration: 1,  Instance: /Test_CPU/U1/U20,  Process: line__64.
# EXECUTION:: NOTE   : 18
# EXECUTION:: Time: 2200 ns,  Iteration: 1,  Instance: /Test_CPU/U1/U20,  Process: line__64.
# EXECUTION:: NOTE   : 29704
# EXECUTION:: Time: 2200 ns,  Iteration: 1,  Instance: /Test_CPU/U1/U20,  Process: line__64.
# KERNEL: stopped at time: 2200 ns
run 100 ns
# KERNEL: stopped at time: 2300 ns
run 100 ns
# EXECUTION:: NOTE   : Data Writen
# EXECUTION:: Time: 2400 ns,  Iteration: 1,  Instance: /Test_CPU/U1/U20,  Process: line__64.
# EXECUTION:: NOTE   : 20
# EXECUTION:: Time: 2400 ns,  Iteration: 1,  Instance: /Test_CPU/U1/U20,  Process: line__64.
# EXECUTION:: NOTE   : 13317
# EXECUTION:: Time: 2400 ns,  Iteration: 1,  Instance: /Test_CPU/U1/U20,  Process: line__64.
# KERNEL: stopped at time: 2400 ns
run 100 ns
# EXECUTION:: NOTE   : DataRead
# EXECUTION:: Time: 2500 ns,  Iteration: 1,  Instance: /Test_CPU/U1/U20,  Process: line__64.
# KERNEL: stopped at time: 2500 ns
run 100 ns
# KERNEL: stopped at time: 2600 ns
run 100 ns
# EXECUTION:: NOTE   : DataRead
# EXECUTION:: Time: 2700 ns,  Iteration: 1,  Instance: /Test_CPU/U1/U20,  Process: line__64.
# KERNEL: stopped at time: 2700 ns
run 100 ns
# KERNEL: stopped at time: 2800 ns
run 100 ns
# EXECUTION:: NOTE   : DataRead
# EXECUTION:: Time: 2900 ns,  Iteration: 1,  Instance: /Test_CPU/U1/U20,  Process: line__64.
# KERNEL: stopped at time: 2900 ns
run 100 ns
# KERNEL: stopped at time: 3 us
run 100 ns
# EXECUTION:: NOTE   : DataRead
# EXECUTION:: Time: 3100 ns,  Iteration: 1,  Instance: /Test_CPU/U1/U20,  Process: line__64.
# KERNEL: stopped at time: 3100 ns
run 100 ns
# KERNEL: stopped at time: 3200 ns
run 100 ns
# EXECUTION:: NOTE   : DataRead
# EXECUTION:: Time: 3300 ns,  Iteration: 1,  Instance: /Test_CPU/U1/U20,  Process: line__64.
# KERNEL: stopped at time: 3300 ns
run 100 ns
# KERNEL: stopped at time: 3400 ns
run 100 ns
# EXECUTION:: NOTE   : DataRead
# EXECUTION:: Time: 3500 ns,  Iteration: 1,  Instance: /Test_CPU/U1/U20,  Process: line__64.
# KERNEL: stopped at time: 3500 ns
run 100 ns
# KERNEL: stopped at time: 3600 ns
run 100 ns
# EXECUTION:: NOTE   : DataRead
# EXECUTION:: Time: 3700 ns,  Iteration: 1,  Instance: /Test_CPU/U1/U20,  Process: line__64.
# KERNEL: stopped at time: 3700 ns
run 100 ns
# KERNEL: stopped at time: 3800 ns
run 100 ns
# EXECUTION:: NOTE   : DataRead
# EXECUTION:: Time: 3900 ns,  Iteration: 1,  Instance: /Test_CPU/U1/U20,  Process: line__64.
# KERNEL: stopped at time: 3900 ns
run 100 ns
# KERNEL: stopped at time: 4 us
run 100 ns
# EXECUTION:: NOTE   : DataRead
# EXECUTION:: Time: 4100 ns,  Iteration: 1,  Instance: /Test_CPU/U1/U20,  Process: line__64.
# KERNEL: stopped at time: 4100 ns
run 100 ns
# KERNEL: stopped at time: 4200 ns
run 100 ns
# EXECUTION:: NOTE   : DataRead
# EXECUTION:: Time: 4300 ns,  Iteration: 1,  Instance: /Test_CPU/U1/U20,  Process: line__64.
# KERNEL: stopped at time: 4300 ns
run 100 ns
# KERNEL: stopped at time: 4400 ns
run 100 ns
# EXECUTION:: NOTE   : DataRead
# EXECUTION:: Time: 4500 ns,  Iteration: 1,  Instance: /Test_CPU/U1/U20,  Process: line__64.
# KERNEL: stopped at time: 4500 ns
run 100 ns
# KERNEL: stopped at time: 4600 ns
run 100 ns
# EXECUTION:: NOTE   : DataRead
# EXECUTION:: Time: 4700 ns,  Iteration: 1,  Instance: /Test_CPU/U1/U20,  Process: line__64.
# KERNEL: stopped at time: 4700 ns
run 100 ns
# KERNEL: stopped at time: 4800 ns
run 100 ns
# EXECUTION:: NOTE   : DataRead
# EXECUTION:: Time: 4900 ns,  Iteration: 1,  Instance: /Test_CPU/U1/U20,  Process: line__64.
# KERNEL: stopped at time: 4900 ns
run 100 ns
# KERNEL: stopped at time: 5 us
run 100 ns
# EXECUTION:: NOTE   : DataRead
# EXECUTION:: Time: 5100 ns,  Iteration: 1,  Instance: /Test_CPU/U1/U20,  Process: line__64.
# KERNEL: stopped at time: 5100 ns
run 100 ns
# KERNEL: stopped at time: 5200 ns
run 100 ns
# EXECUTION:: NOTE   : DataRead
# EXECUTION:: Time: 5300 ns,  Iteration: 1,  Instance: /Test_CPU/U1/U20,  Process: line__64.
# KERNEL: stopped at time: 5300 ns
run 100 ns
# KERNEL: stopped at time: 5400 ns
run 100 ns
# EXECUTION:: NOTE   : DataRead
# EXECUTION:: Time: 5500 ns,  Iteration: 1,  Instance: /Test_CPU/U1/U20,  Process: line__64.
# KERNEL: stopped at time: 5500 ns
run 100 ns
# KERNEL: stopped at time: 5600 ns
run 100 ns
# EXECUTION:: NOTE   : DataRead
# EXECUTION:: Time: 5700 ns,  Iteration: 1,  Instance: /Test_CPU/U1/U20,  Process: line__64.
# KERNEL: stopped at time: 5700 ns
run 100 ns
# KERNEL: stopped at time: 5800 ns
run 100 ns
# EXECUTION:: NOTE   : DataRead
# EXECUTION:: Time: 5900 ns,  Iteration: 1,  Instance: /Test_CPU/U1/U20,  Process: line__64.
# KERNEL: stopped at time: 5900 ns
run 100 ns
# KERNEL: stopped at time: 6 us
run 100 ns
# EXECUTION:: NOTE   : DataRead
# EXECUTION:: Time: 6100 ns,  Iteration: 1,  Instance: /Test_CPU/U1/U20,  Process: line__64.
# KERNEL: stopped at time: 6100 ns
run 100 ns
# KERNEL: stopped at time: 6200 ns
run 100 ns
# EXECUTION:: NOTE   : DataRead
# EXECUTION:: Time: 6300 ns,  Iteration: 1,  Instance: /Test_CPU/U1/U20,  Process: line__64.
# KERNEL: stopped at time: 6300 ns
run 100 ns
# KERNEL: stopped at time: 6400 ns
run 100 ns
# EXECUTION:: NOTE   : DataRead
# EXECUTION:: Time: 6500 ns,  Iteration: 1,  Instance: /Test_CPU/U1/U20,  Process: line__64.
# KERNEL: stopped at time: 6500 ns
run 100 ns
# KERNEL: stopped at time: 6600 ns
run 100 ns
# EXECUTION:: NOTE   : DataRead
# EXECUTION:: Time: 6700 ns,  Iteration: 1,  Instance: /Test_CPU/U1/U20,  Process: line__64.
# KERNEL: stopped at time: 6700 ns
endsim
# VSIM: Simulation has finished.
